[debug] [2022-04-18T16:07:06.111Z] ----------------------------------------------------------------------
[debug] [2022-04-18T16:07:06.114Z] Command:       C:\Program Files\nodejs\node.exe C:\Users\Mannan Hira\AppData\Roaming\npm\node_modules\firebase-tools\lib\bin\firebase.js deploy
[debug] [2022-04-18T16:07:06.115Z] CLI Version:   10.6.0
[debug] [2022-04-18T16:07:06.115Z] Platform:      win32
[debug] [2022-04-18T16:07:06.115Z] Node Version:  v16.13.1
[debug] [2022-04-18T16:07:06.117Z] Time:          Mon Apr 18 2022 22:07:06 GMT+0600 (Bangladesh Standard Time)
[debug] [2022-04-18T16:07:06.117Z] ----------------------------------------------------------------------
[debug] 
[debug] [2022-04-18T16:07:06.228Z] > command requires scopes: ["email","openid","https://www.googleapis.com/auth/cloudplatformprojects.readonly","https://www.googleapis.com/auth/firebase","https://www.googleapis.com/auth/cloud-platform"]
[debug] [2022-04-18T16:07:06.229Z] > authorizing via signed-in user (hiramannan8@gmail.com)
[debug] [2022-04-18T16:07:06.229Z] [iam] checking project fitness-trainer-a16fc for permissions ["firebase.projects.get","firebasehosting.sites.update"]
[debug] [2022-04-18T16:07:06.233Z] >>> [apiv2][query] POST https://cloudresourcemanager.googleapis.com/v1/projects/fitness-trainer-a16fc:testIamPermissions [none]
[debug] [2022-04-18T16:07:06.234Z] >>> [apiv2][body] POST https://cloudresourcemanager.googleapis.com/v1/projects/fitness-trainer-a16fc:testIamPermissions {"permissions":["firebase.projects.get","firebasehosting.sites.update"]}
[debug] [2022-04-18T16:07:08.877Z] <<< [apiv2][status] POST https://cloudresourcemanager.googleapis.com/v1/projects/fitness-trainer-a16fc:testIamPermissions 200
[debug] [2022-04-18T16:07:08.877Z] <<< [apiv2][body] POST https://cloudresourcemanager.googleapis.com/v1/projects/fitness-trainer-a16fc:testIamPermissions {"permissions":["firebase.projects.get","firebasehosting.sites.update"]}
[debug] [2022-04-18T16:07:08.879Z] >>> [apiv2][query] GET https://firebase.googleapis.com/v1beta1/projects/fitness-trainer-a16fc [none]
[debug] [2022-04-18T16:25:23.530Z] ----------------------------------------------------------------------
[debug] [2022-04-18T16:25:23.533Z] Command:       C:\Program Files\nodejs\node.exe C:\Users\Mannan Hira\AppData\Roaming\npm\node_modules\firebase-tools\lib\bin\firebase.js deploy
[debug] [2022-04-18T16:25:23.534Z] CLI Version:   10.6.0
[debug] [2022-04-18T16:25:23.534Z] Platform:      win32
[debug] [2022-04-18T16:25:23.534Z] Node Version:  v16.13.1
[debug] [2022-04-18T16:25:23.537Z] Time:          Mon Apr 18 2022 22:25:23 GMT+0600 (Bangladesh Standard Time)
[debug] [2022-04-18T16:25:23.537Z] ----------------------------------------------------------------------
[debug] 
[debug] [2022-04-18T16:25:23.680Z] > command requires scopes: ["email","openid","https://www.googleapis.com/auth/cloudplatformprojects.readonly","https://www.googleapis.com/auth/firebase","https://www.googleapis.com/auth/cloud-platform"]
[debug] [2022-04-18T16:25:23.681Z] > authorizing via signed-in user (hiramannan8@gmail.com)
[debug] [2022-04-18T16:25:23.681Z] [iam] checking project fitness-trainer-a16fc for permissions ["firebase.projects.get","firebasehosting.sites.update"]
[debug] [2022-04-18T16:25:23.688Z] >>> [apiv2][query] POST https://cloudresourcemanager.googleapis.com/v1/projects/fitness-trainer-a16fc:testIamPermissions [none]
[debug] [2022-04-18T16:25:23.689Z] >>> [apiv2][body] POST https://cloudresourcemanager.googleapis.com/v1/projects/fitness-trainer-a16fc:testIamPermissions {"permissions":["firebase.projects.get","firebasehosting.sites.update"]}
[debug] [2022-04-18T16:25:30.735Z] <<< [apiv2][status] POST https://cloudresourcemanager.googleapis.com/v1/projects/fitness-trainer-a16fc:testIamPermissions 200
[debug] [2022-04-18T16:25:30.736Z] <<< [apiv2][body] POST https://cloudresourcemanager.googleapis.com/v1/projects/fitness-trainer-a16fc:testIamPermissions {"permissions":["firebase.projects.get","firebasehosting.sites.update"]}
[debug] [2022-04-18T16:25:30.740Z] >>> [apiv2][query] GET https://firebase.googleapis.com/v1beta1/projects/fitness-trainer-a16fc [none]
[debug] [2022-04-18T16:26:00.744Z] Timeout reached making request to https://firebase.googleapis.com/v1beta1/projects/fitness-trainer-a16fc
[debug] [2022-04-18T16:26:01.573Z] FirebaseError: Timeout reached making request to https://firebase.googleapis.com/v1beta1/projects/fitness-trainer-a16fc
    at RetryOperation._fn (C:\Users\Mannan Hira\AppData\Roaming\npm\node_modules\firebase-tools\lib\apiv2.js:236:35)
    at processTicksAndRejections (node:internal/process/task_queues:96:5)
[error] 
[error] Error: Failed to get Firebase project fitness-trainer-a16fc. Please make sure the project exists and your account has permission to access it.
[debug] [2022-04-18T16:30:30.071Z] ----------------------------------------------------------------------
[debug] [2022-04-18T16:30:30.074Z] Command:       C:\Program Files\nodejs\node.exe C:\Users\Mannan Hira\AppData\Roaming\npm\node_modules\firebase-tools\lib\bin\firebase.js deploy
[debug] [2022-04-18T16:30:30.075Z] CLI Version:   10.6.0
[debug] [2022-04-18T16:30:30.075Z] Platform:      win32
[debug] [2022-04-18T16:30:30.076Z] Node Version:  v16.13.1
[debug] [2022-04-18T16:30:30.077Z] Time:          Mon Apr 18 2022 22:30:30 GMT+0600 (Bangladesh Standard Time)
[debug] [2022-04-18T16:30:30.078Z] ----------------------------------------------------------------------
[debug] 
[debug] [2022-04-18T16:30:30.205Z] > command requires scopes: ["email","openid","https://www.googleapis.com/auth/cloudplatformprojects.readonly","https://www.googleapis.com/auth/firebase","https://www.googleapis.com/auth/cloud-platform"]
[debug] [2022-04-18T16:30:30.206Z] > authorizing via signed-in user (hiramannan8@gmail.com)
[debug] [2022-04-18T16:30:30.206Z] [iam] checking project fitness-trainer-a16fc for permissions ["firebase.projects.get","firebasehosting.sites.update"]
[debug] [2022-04-18T16:30:30.210Z] >>> [apiv2][query] POST https://cloudresourcemanager.googleapis.com/v1/projects/fitness-trainer-a16fc:testIamPermissions [none]
[debug] [2022-04-18T16:30:30.211Z] >>> [apiv2][body] POST https://cloudresourcemanager.googleapis.com/v1/projects/fitness-trainer-a16fc:testIamPermissions {"permissions":["firebase.projects.get","firebasehosting.sites.update"]}
[debug] [2022-04-18T16:30:34.895Z] <<< [apiv2][status] POST https://cloudresourcemanager.googleapis.com/v1/projects/fitness-trainer-a16fc:testIamPermissions 200
[debug] [2022-04-18T16:30:34.895Z] <<< [apiv2][body] POST https://cloudresourcemanager.googleapis.com/v1/projects/fitness-trainer-a16fc:testIamPermissions {"permissions":["firebase.projects.get","firebasehosting.sites.update"]}
[debug] [2022-04-18T16:30:34.897Z] >>> [apiv2][query] GET https://firebase.googleapis.com/v1beta1/projects/fitness-trainer-a16fc [none]
[debug] [2022-04-18T16:31:04.902Z] Timeout reached making request to https://firebase.googleapis.com/v1beta1/projects/fitness-trainer-a16fc
[debug] [2022-04-18T16:31:05.527Z] FirebaseError: Timeout reached making request to https://firebase.googleapis.com/v1beta1/projects/fitness-trainer-a16fc
    at RetryOperation._fn (C:\Users\Mannan Hira\AppData\Roaming\npm\node_modules\firebase-tools\lib\apiv2.js:236:35)
    at processTicksAndRejections (node:internal/process/task_queues:96:5)
[error] 
[error] Error: Failed to get Firebase project fitness-trainer-a16fc. Please make sure the project exists and your account has permission to access it.
[debug] [2022-04-18T16:32:53.050Z] ----------------------------------------------------------------------
[debug] [2022-04-18T16:32:53.054Z] Command:       C:\Program Files\nodejs\node.exe C:\Users\Mannan Hira\AppData\Roaming\npm\node_modules\firebase-tools\lib\bin\firebase.js deploy
[debug] [2022-04-18T16:32:53.055Z] CLI Version:   10.6.0
[debug] [2022-04-18T16:32:53.056Z] Platform:      win32
[debug] [2022-04-18T16:32:53.056Z] Node Version:  v16.13.1
[debug] [2022-04-18T16:32:53.058Z] Time:          Mon Apr 18 2022 22:32:53 GMT+0600 (Bangladesh Standard Time)
[debug] [2022-04-18T16:32:53.059Z] ----------------------------------------------------------------------
[debug] 
[debug] [2022-04-18T16:32:53.209Z] > command requires scopes: ["email","openid","https://www.googleapis.com/auth/cloudplatformprojects.readonly","https://www.googleapis.com/auth/firebase","https://www.googleapis.com/auth/cloud-platform"]
[debug] [2022-04-18T16:32:53.210Z] > authorizing via signed-in user (hiramannan8@gmail.com)
[debug] [2022-04-18T16:32:53.210Z] [iam] checking project fitness-trainer-a16fc for permissions ["firebase.projects.get","firebasehosting.sites.update"]
[debug] [2022-04-18T16:32:53.214Z] >>> [apiv2][query] POST https://cloudresourcemanager.googleapis.com/v1/projects/fitness-trainer-a16fc:testIamPermissions [none]
[debug] [2022-04-18T16:32:53.215Z] >>> [apiv2][body] POST https://cloudresourcemanager.googleapis.com/v1/projects/fitness-trainer-a16fc:testIamPermissions {"permissions":["firebase.projects.get","firebasehosting.sites.update"]}
[debug] [2022-04-18T16:33:05.428Z] <<< [apiv2][status] POST https://cloudresourcemanager.googleapis.com/v1/projects/fitness-trainer-a16fc:testIamPermissions 200
[debug] [2022-04-18T16:33:05.429Z] <<< [apiv2][body] POST https://cloudresourcemanager.googleapis.com/v1/projects/fitness-trainer-a16fc:testIamPermissions {"permissions":["firebase.projects.get","firebasehosting.sites.update"]}
[debug] [2022-04-18T16:33:05.431Z] >>> [apiv2][query] GET https://firebase.googleapis.com/v1beta1/projects/fitness-trainer-a16fc [none]
[debug] [2022-04-18T16:33:07.003Z] <<< [apiv2][status] GET https://firebase.googleapis.com/v1beta1/projects/fitness-trainer-a16fc 200
[debug] [2022-04-18T16:33:07.004Z] <<< [apiv2][body] GET https://firebase.googleapis.com/v1beta1/projects/fitness-trainer-a16fc {"projectId":"fitness-trainer-a16fc","projectNumber":"65298418956","displayName":"fitness-trainer","name":"projects/fitness-trainer-a16fc","resources":{"hostingSite":"fitness-trainer-a16fc"},"state":"ACTIVE"}
[info] 
[info] === Deploying to 'fitness-trainer-a16fc'...
[info] 
[info] i  deploying hosting 
[debug] [2022-04-18T16:33:07.015Z] >>> [apiv2][query] GET https://firebase.googleapis.com/v1beta1/projects/fitness-trainer-a16fc [none]
[debug] [2022-04-18T16:33:08.363Z] <<< [apiv2][status] GET https://firebase.googleapis.com/v1beta1/projects/fitness-trainer-a16fc 200
[debug] [2022-04-18T16:33:08.363Z] <<< [apiv2][body] GET https://firebase.googleapis.com/v1beta1/projects/fitness-trainer-a16fc {"projectId":"fitness-trainer-a16fc","projectNumber":"65298418956","displayName":"fitness-trainer","name":"projects/fitness-trainer-a16fc","resources":{"hostingSite":"fitness-trainer-a16fc"},"state":"ACTIVE"}
[debug] [2022-04-18T16:33:08.367Z] >>> [apiv2][query] POST https://firebasehosting.googleapis.com/v1beta1/projects/65298418956/sites/fitness-trainer-a16fc/versions [none]
[debug] [2022-04-18T16:33:08.367Z] >>> [apiv2][body] POST https://firebasehosting.googleapis.com/v1beta1/projects/65298418956/sites/fitness-trainer-a16fc/versions {"config":{"rewrites":[{"glob":"**","path":"/index.html"}]},"labels":{"deployment-tool":"cli-firebase"}}
[debug] [2022-04-18T16:33:18.100Z] <<< [apiv2][status] POST https://firebasehosting.googleapis.com/v1beta1/projects/65298418956/sites/fitness-trainer-a16fc/versions 200
[debug] [2022-04-18T16:33:18.100Z] <<< [apiv2][body] POST https://firebasehosting.googleapis.com/v1beta1/projects/65298418956/sites/fitness-trainer-a16fc/versions {"name":"projects/65298418956/sites/fitness-trainer-a16fc/versions/6c0f31496b766436","status":"CREATED","config":{"rewrites":[{"glob":"**","path":"/index.html"}]},"labels":{"deployment-tool":"cli-firebase"}}
[info] i  hosting[fitness-trainer-a16fc]: beginning deploy... 
[info] i  hosting[fitness-trainer-a16fc]: found 23 files in build 
[debug] [2022-04-18T16:33:18.127Z] [hosting] uploading with 200 concurrency
[debug] [2022-04-18T16:33:18.661Z] [hosting] hash cache [YnVpbGQ] stored for 23 files
[debug] [2022-04-18T16:33:18.661Z] [hosting][hash queue][FINAL] {"max":517,"min":8,"avg":105.52173913043478,"active":0,"complete":23,"success":23,"errored":0,"retried":0,"total":23,"elapsed":531}
[debug] [2022-04-18T16:33:18.663Z] >>> [apiv2][query] POST https://firebasehosting.googleapis.com/v1beta1/projects/65298418956/sites/fitness-trainer-a16fc/versions/6c0f31496b766436:populateFiles [none]
[debug] [2022-04-18T16:33:18.663Z] >>> [apiv2][body] POST https://firebasehosting.googleapis.com/v1beta1/projects/65298418956/sites/fitness-trainer-a16fc/versions/6c0f31496b766436:populateFiles {"files":{"/favicon.ico":"eae62e993eb980ec8a25058c39d5a51feab118bd2100c4deebb2a9c158ec11f9","/logo192.png":"3ee59515172ee198f3be375979df15ac5345183e656720a381b8872b2a39dc8b","/logo512.png":"ee7e2f3fdb8209c4b6fd7bef6ba50d1b9dba30a25bb5c3126df057e1cb6f5331","/manifest.json":"aff3449bdc238776f5d6d967f19ec491b36aed5fb7f23ccff6500736fd58494a","/robots.txt":"bfe106a3fb878dc83461c86818bf74fc1bdc7f28538ba613cd3e775516ce8b49","/asset-manifest.json":"319dc81e502f765bf18b05c4991ae19d421db8d6d04b15ec3ad02ab4fe91a903","/index.html":"4d6db523017663f80504b022b6edda32581523d65aa4f101ca2df0620853a1cc","/review.json":"134f83da4bfe92ec8e9db8f513811f7f475ed8cc591035ea2e639ba410b08bc1","/services.json":"10532ac257fb837e01f52d52654b87613d0b85810be567e9148457ae6ea2c5f9","/static/css/main.9e46845f.css":"79562012fbf20fc4e2cd2fc64909ed350d81d87cd787d309a5f041ae592c46d3","/static/js/787.0a4da164.chunk.js":"4991251afb0043312855379db8808e8739bfefe209658665eab58b5c589fc8d0","/static/js/787.0a4da164.chunk.js.map":"c9432805673c531292bd688956bfdeaf65053017805c73b82de62f557a5a1e82","/static/js/main.6d44d7db.js.LICENSE.txt":"980850d0c97fc4da1718320dcc140b4bafb239b14275f3a5d9640098e064ab8a","/static/css/main.9e46845f.css.map":"27df13490fa2cff36c729cebead486cbab82599338ea3c04b0d14f98ef2edf28","/static/media/facebook.ff0d27e7ffc3bb4ca91e.png":"8c0e7927efb16450cdc360f911ee911bf5357f00b0338967aecf1dcb55f5dfff","/static/media/google.b31361249fb7518952ee.png":"461fb12295d126cbd3eb6961d7b8dae4ebc74190e69bc242b0c5a789efc13f36","/static/js/main.6d44d7db.js":"e602b8f9feff653e08fd7fcbce9c81d117174d2e8641bab4fce4cf28a07b05be","/static/media/hira.a0587ee944c2850abed8.png":"f137041a5303c7e67314577900e7842eba2446b2049a28f827e9858f9bda3459","/static/media/slider3.88fbb30cd39de82751df.png":"29aa1c0a67a66fe6d158c15741e9a35e43762fc7584e3dd17c82afde028102c8","/static/media/sleeping.395a20b8b3d505cf54ce.png":"82f4b38b9371132115a7512aa2ecc0413831d31b5cf3ced77abe7b098e4c8770","/static/media/slider2.20dc05230844870065fd.png":"22cb0c3df16342a0e5694e7315e506a4397c3a08dbb99c670fc83f92cad49de4","/static/media/slider1.450eb0416098e7147170.png":"1c5484d4b3b5537506e22ab20d8baecbde4a944ec6bb8b78b8a5caf8edf671f2","/static/js/main.6d44d7db.js.map":"7b4e837dc9518b611c62fa12eafbb4c5192e7e5118ebddf6c46e8a07565fd8a1"}}
